<?xml version="1.0" encoding="UTF-8"?>
<testng-results retried="1" ignored="0" total="3" passed="1" failed="1" skipped="0">
  <reporter-output>
  </reporter-output>
  <suite started-at="2022-08-29T15:46:36 PDT" name="Sauce Demo Test Suite" finished-at="2022-08-29T15:46:40 PDT" duration-ms="3898">
    <groups>
    </groups>
    <test started-at="2022-08-29T15:46:36 PDT" name="LoginTest" finished-at="2022-08-29T15:46:40 PDT" duration-ms="3898">
      <class name="com.ae142.tests.LoginTests">
        <test-method is-config="true" signature="classLevelSetup()[pri:0, instance:com.ae142.tests.LoginTests@6283d8b8]" started-at="2022-08-29T15:46:37 PDT" name="classLevelSetup" finished-at="2022-08-29T15:46:38 PDT" duration-ms="1076" status="PASS">
          <reporter-output>
          </reporter-output>
        </test-method> <!-- classLevelSetup -->
        <test-method is-config="true" signature="methodLevelSetup()[pri:0, instance:com.ae142.tests.LoginTests@6283d8b8]" started-at="2022-08-29T15:46:38 PDT" name="methodLevelSetup" finished-at="2022-08-29T15:46:38 PDT" duration-ms="7" status="PASS">
          <reporter-output>
          </reporter-output>
        </test-method> <!-- methodLevelSetup -->
        <test-method signature="invalidLoginTest_InvalidUserNameInvalidPassword(java.lang.reflect.Method)[pri:0, instance:com.ae142.tests.LoginTests@6283d8b8]" started-at="2022-08-29T15:46:38 PDT" name="invalidLoginTest_InvalidUserNameInvalidPassword" description="Invalid Login Scenario with wrong username" finished-at="2022-08-29T15:46:38 PDT" duration-ms="599" status="PASS">
          <params>
            <param index="0">
              <value>
                <![CDATA[public void com.ae142.tests.LoginTests.invalidLoginTest_InvalidUserNameInvalidPassword(java.lang.reflect.Method)]]>
              </value>
            </param>
          </params>
          <reporter-output>
          </reporter-output>
        </test-method> <!-- invalidLoginTest_InvalidUserNameInvalidPassword -->
        <test-method is-config="true" signature="methodLevelSetup()[pri:0, instance:com.ae142.tests.LoginTests@6283d8b8]" started-at="2022-08-29T15:46:38 PDT" name="methodLevelSetup" finished-at="2022-08-29T15:46:38 PDT" duration-ms="2" status="PASS">
          <reporter-output>
          </reporter-output>
        </test-method> <!-- methodLevelSetup -->
        <test-method retried="true" signature="invalidLoginTest_EmptyUserEmptyPassword(java.lang.reflect.Method)[pri:1, instance:com.ae142.tests.LoginTests@6283d8b8]" started-at="2022-08-29T15:46:38 PDT" name="invalidLoginTest_EmptyUserEmptyPassword" description="Invalid Login Scenario with empty credentials" finished-at="2022-08-29T15:46:39 PDT" duration-ms="205" status="SKIP">
          <params>
            <param index="0">
              <value>
                <![CDATA[public void com.ae142.tests.LoginTests.invalidLoginTest_EmptyUserEmptyPassword(java.lang.reflect.Method)]]>
              </value>
            </param>
          </params>
          <exception class="java.lang.AssertionError">
            <message>
              <![CDATA[expected [std_user] but found [Epic sadface: Username is required]]]>
            </message>
            <full-stacktrace>
              <![CDATA[java.lang.AssertionError: expected [std_user] but found [Epic sadface: Username is required]
at org.testng.Assert.fail(Assert.java:99)
at org.testng.Assert.failNotEquals(Assert.java:1037)
at org.testng.Assert.assertEqualsImpl(Assert.java:140)
at org.testng.Assert.assertEquals(Assert.java:122)
at org.testng.Assert.assertEquals(Assert.java:629)
at org.testng.Assert.assertEquals(Assert.java:639)
at com.ae142.pages.LoginPage.verifyLoginUserName(LoginPage.java:41)
at com.ae142.tests.LoginTests.invalidLoginTest_EmptyUserEmptyPassword(LoginTests.java:30)
at java.base/jdk.internal.reflect.NativeMethodAccessorImpl.invoke0(Native Method)
at java.base/jdk.internal.reflect.NativeMethodAccessorImpl.invoke(NativeMethodAccessorImpl.java:77)
at java.base/jdk.internal.reflect.DelegatingMethodAccessorImpl.invoke(DelegatingMethodAccessorImpl.java:43)
at java.base/java.lang.reflect.Method.invoke(Method.java:568)
at org.testng.internal.MethodInvocationHelper.invokeMethod(MethodInvocationHelper.java:133)
at org.testng.internal.TestInvoker.invokeMethod(TestInvoker.java:598)
at org.testng.internal.TestInvoker.invokeTestMethod(TestInvoker.java:173)
at org.testng.internal.MethodRunner.runInSequence(MethodRunner.java:46)
at org.testng.internal.TestInvoker$MethodInvocationAgent.invoke(TestInvoker.java:824)
at org.testng.internal.TestInvoker.invokeTestMethods(TestInvoker.java:146)
at org.testng.internal.TestMethodWorker.invokeTestMethods(TestMethodWorker.java:146)
at org.testng.internal.TestMethodWorker.run(TestMethodWorker.java:128)
at java.base/java.util.ArrayList.forEach(ArrayList.java:1511)
at org.testng.TestRunner.privateRun(TestRunner.java:794)
at org.testng.TestRunner.run(TestRunner.java:596)
at org.testng.SuiteRunner.runTest(SuiteRunner.java:377)
at org.testng.SuiteRunner.runSequentially(SuiteRunner.java:371)
at org.testng.SuiteRunner.privateRun(SuiteRunner.java:332)
at org.testng.SuiteRunner.run(SuiteRunner.java:276)
at org.testng.SuiteRunnerWorker.runSuite(SuiteRunnerWorker.java:53)
at org.testng.SuiteRunnerWorker.run(SuiteRunnerWorker.java:96)
at org.testng.TestNG.runSuitesSequentially(TestNG.java:1212)
at org.testng.TestNG.runSuitesLocally(TestNG.java:1134)
at org.testng.TestNG.runSuites(TestNG.java:1063)
at org.testng.TestNG.run(TestNG.java:1031)
at org.testng.remote.AbstractRemoteTestNG.run(AbstractRemoteTestNG.java:115)
at org.testng.remote.RemoteTestNG.initAndRun(RemoteTestNG.java:251)
at org.testng.remote.RemoteTestNG.main(RemoteTestNG.java:77)
]]>
            </full-stacktrace>
          </exception> <!-- java.lang.AssertionError -->
          <reporter-output>
          </reporter-output>
        </test-method> <!-- invalidLoginTest_EmptyUserEmptyPassword -->
        <test-method is-config="true" signature="methodLevelSetup()[pri:0, instance:com.ae142.tests.LoginTests@6283d8b8]" started-at="2022-08-29T15:46:39 PDT" name="methodLevelSetup" finished-at="2022-08-29T15:46:39 PDT" duration-ms="1" status="PASS">
          <reporter-output>
          </reporter-output>
        </test-method> <!-- methodLevelSetup -->
        <test-method signature="invalidLoginTest_EmptyUserEmptyPassword(java.lang.reflect.Method)[pri:1, instance:com.ae142.tests.LoginTests@6283d8b8]" started-at="2022-08-29T15:46:39 PDT" name="invalidLoginTest_EmptyUserEmptyPassword" description="Invalid Login Scenario with empty credentials" finished-at="2022-08-29T15:46:40 PDT" duration-ms="448" status="FAIL">
          <params>
            <param index="0">
              <value>
                <![CDATA[public void com.ae142.tests.LoginTests.invalidLoginTest_EmptyUserEmptyPassword(java.lang.reflect.Method)]]>
              </value>
            </param>
          </params>
          <exception class="java.lang.AssertionError">
            <message>
              <![CDATA[expected [std_user] but found [Epic sadface: Username is required]]]>
            </message>
            <full-stacktrace>
              <![CDATA[java.lang.AssertionError: expected [std_user] but found [Epic sadface: Username is required]
at org.testng.Assert.fail(Assert.java:99)
at org.testng.Assert.failNotEquals(Assert.java:1037)
at org.testng.Assert.assertEqualsImpl(Assert.java:140)
at org.testng.Assert.assertEquals(Assert.java:122)
at org.testng.Assert.assertEquals(Assert.java:629)
at org.testng.Assert.assertEquals(Assert.java:639)
at com.ae142.pages.LoginPage.verifyLoginUserName(LoginPage.java:41)
at com.ae142.tests.LoginTests.invalidLoginTest_EmptyUserEmptyPassword(LoginTests.java:30)
at java.base/jdk.internal.reflect.NativeMethodAccessorImpl.invoke0(Native Method)
at java.base/jdk.internal.reflect.NativeMethodAccessorImpl.invoke(NativeMethodAccessorImpl.java:77)
at java.base/jdk.internal.reflect.DelegatingMethodAccessorImpl.invoke(DelegatingMethodAccessorImpl.java:43)
at java.base/java.lang.reflect.Method.invoke(Method.java:568)
at org.testng.internal.MethodInvocationHelper.invokeMethod(MethodInvocationHelper.java:133)
at org.testng.internal.TestInvoker.invokeMethod(TestInvoker.java:598)
at org.testng.internal.TestInvoker.retryFailed(TestInvoker.java:213)
at org.testng.internal.MethodRunner.runInSequence(MethodRunner.java:58)
at org.testng.internal.TestInvoker$MethodInvocationAgent.invoke(TestInvoker.java:824)
at org.testng.internal.TestInvoker.invokeTestMethods(TestInvoker.java:146)
at org.testng.internal.TestMethodWorker.invokeTestMethods(TestMethodWorker.java:146)
at org.testng.internal.TestMethodWorker.run(TestMethodWorker.java:128)
at java.base/java.util.ArrayList.forEach(ArrayList.java:1511)
at org.testng.TestRunner.privateRun(TestRunner.java:794)
at org.testng.TestRunner.run(TestRunner.java:596)
at org.testng.SuiteRunner.runTest(SuiteRunner.java:377)
at org.testng.SuiteRunner.runSequentially(SuiteRunner.java:371)
at org.testng.SuiteRunner.privateRun(SuiteRunner.java:332)
at org.testng.SuiteRunner.run(SuiteRunner.java:276)
at org.testng.SuiteRunnerWorker.runSuite(SuiteRunnerWorker.java:53)
at org.testng.SuiteRunnerWorker.run(SuiteRunnerWorker.java:96)
at org.testng.TestNG.runSuitesSequentially(TestNG.java:1212)
at org.testng.TestNG.runSuitesLocally(TestNG.java:1134)
at org.testng.TestNG.runSuites(TestNG.java:1063)
at org.testng.TestNG.run(TestNG.java:1031)
at org.testng.remote.AbstractRemoteTestNG.run(AbstractRemoteTestNG.java:115)
at org.testng.remote.RemoteTestNG.initAndRun(RemoteTestNG.java:251)
at org.testng.remote.RemoteTestNG.main(RemoteTestNG.java:77)
]]>
            </full-stacktrace>
          </exception> <!-- java.lang.AssertionError -->
          <reporter-output>
          </reporter-output>
        </test-method> <!-- invalidLoginTest_EmptyUserEmptyPassword -->
        <test-method is-config="true" signature="teardown()[pri:0, instance:com.ae142.tests.LoginTests@6283d8b8]" started-at="2022-08-29T15:46:40 PDT" name="teardown" finished-at="2022-08-29T15:46:40 PDT" duration-ms="74" status="PASS">
          <reporter-output>
          </reporter-output>
        </test-method> <!-- teardown -->
      </class> <!-- com.ae142.tests.LoginTests -->
    </test> <!-- LoginTest -->
  </suite> <!-- Sauce Demo Test Suite -->
</testng-results>
